2025-07-10 16:09:11,536 - INFO - ============================================================
2025-07-10 16:09:11,536 - INFO - 联邦学习后门攻击检测实验开始
2025-07-10 16:09:11,536 - INFO - ============================================================
2025-07-10 16:09:11,536 - INFO - 设备: cuda
2025-07-10 16:09:11,550 - INFO - GPU: NVIDIA GeForce RTX 2080 Ti
2025-07-10 16:09:11,550 - INFO - 加载CIFAR-10数据集...
2025-07-10 16:09:12,413 - INFO - 联邦数据分割完成: 100个客户端
2025-07-10 16:09:12,413 - INFO - 后门攻击器创建完成: 目标标签=8
2025-07-10 16:09:12,413 - INFO - 开始联邦学习训练...
2025-07-10 16:20:34,992 - INFO - 联邦学习训练完成
2025-07-10 16:20:36,756 - INFO - 全局模型性能: 清洁准确率=0.1000, 攻击成功率=0.0000
2025-07-10 16:20:36,756 - INFO - 生成持久图...
2025-07-10 16:20:54,501 - INFO - 收集模型: 50个良性, 50个恶意
2025-07-10 16:21:18,122 - INFO - 持久图生成完成
2025-07-10 16:21:18,122 - INFO - 训练持久图分类器...
2025-07-10 16:21:18,749 - INFO - ============================================================
2025-07-10 16:21:18,749 - INFO - 实验结果:
2025-07-10 16:21:18,749 - INFO - 检测准确率: 0.5000
2025-07-10 16:21:18,749 - INFO - 检测召回率: 0.5000
2025-07-10 16:21:18,749 - INFO - 检测F1分数: 0.3333
2025-07-10 16:21:18,749 - INFO - 清洁准确率: 0.1000
2025-07-10 16:21:18,749 - INFO - 攻击成功率: 0.0000
2025-07-10 16:21:18,749 - INFO - ============================================================
2025-07-10 16:21:18,764 - INFO - 实验完成！结果已保存。
