2025-07-10 16:42:51,498 - INFO - ============================================================
2025-07-10 16:42:51,498 - INFO - 联邦学习后门攻击检测实验开始
2025-07-10 16:42:51,498 - INFO - ============================================================
2025-07-10 16:42:51,498 - INFO - 设备: cuda
2025-07-10 16:42:51,513 - INFO - GPU: NVIDIA GeForce RTX 2080 Ti
2025-07-10 16:42:51,513 - INFO - 加载CIFAR-10数据集...
2025-07-10 16:42:52,370 - INFO - 联邦数据分割完成: 50个客户端
2025-07-10 16:42:52,371 - INFO - 后门攻击器创建完成: 目标标签=8
2025-07-10 16:42:52,371 - INFO - 开始联邦学习训练...
2025-07-10 17:21:35,621 - INFO - 联邦学习训练完成
2025-07-10 17:21:37,387 - INFO - 全局模型性能: 清洁准确率=0.2332, 攻击成功率=0.3781
2025-07-10 17:21:37,388 - INFO - 生成持久图...
2025-07-10 17:21:46,058 - INFO - 收集模型: 50个良性, 50个恶意
2025-07-10 17:22:04,506 - INFO - 持久图生成完成
2025-07-10 17:22:04,506 - INFO - 训练持久图分类器...
2025-07-10 17:22:05,125 - INFO - ============================================================
2025-07-10 17:22:05,125 - INFO - 实验结果:
2025-07-10 17:22:05,125 - INFO - 检测准确率: 0.5000
2025-07-10 17:22:05,125 - INFO - 检测召回率: 0.5000
2025-07-10 17:22:05,125 - INFO - 检测F1分数: 0.3333
2025-07-10 17:22:05,125 - INFO - 清洁准确率: 0.2332
2025-07-10 17:22:05,125 - INFO - 攻击成功率: 0.3781
2025-07-10 17:22:05,125 - INFO - ============================================================
2025-07-10 17:22:05,140 - INFO - 实验完成！结果已保存。
