2025-07-21 17:39:15,833 - INFO - ================================================================================
2025-07-21 17:39:15,833 - INFO - 🎯 联邦学习后门攻击检测实验开始 (Transformer版本)
2025-07-21 17:39:15,833 - INFO - ================================================================================
2025-07-21 17:39:15,833 - INFO - 设备: cuda
2025-07-21 17:39:15,886 - INFO - GPU: NVIDIA GeForce RTX 3080
2025-07-21 17:39:15,886 - INFO - GPU内存: 9 GB
2025-07-21 17:39:15,886 - INFO - 📊 加载CIFAR-10数据集...
2025-07-21 17:39:20,318 - INFO - 联邦数据分割完成: 50个客户端
2025-07-21 17:39:20,318 - INFO - 数据分布: IID
2025-07-21 17:39:20,320 - INFO - 🎭 初始化single攻击器...
2025-07-21 17:39:20,320 - INFO - 攻击参数:
2025-07-21 17:39:20,320 - INFO -   - 触发器类型: cross
2025-07-21 17:39:20,320 - INFO -   - 触发器大小: 3x3
2025-07-21 17:39:20,321 - INFO -   - 触发器位置: top_left
2025-07-21 17:39:20,321 - INFO -   - 投毒率: 1.0
2025-07-21 17:39:20,321 - INFO -   - 目标标签: 8
2025-07-21 17:39:20,321 - INFO -   - 缩放因子: 2.0
2025-07-21 17:39:20,321 - INFO - 🔗 开始联邦学习训练...
2025-07-21 20:03:39,329 - INFO - 📈 攻击统计: {'attack_type': 'single', 'malicious_clients': [0, 26, 32, 44, 46], 'total_rounds': 200, 'malicious_participation': 0.1}
2025-07-21 20:03:39,330 - INFO - ⏱️ 训练耗时: 144.3分钟
2025-07-21 20:03:39,330 - INFO - 联邦学习训练完成
2025-07-21 20:03:39,330 - INFO - 🔍 评估全局模型性能...
2025-07-21 20:03:44,469 - INFO - 全局模型性能: 清洁准确率=0.0889, 攻击成功率=0.1690
2025-07-21 20:03:44,470 - INFO - ==================================================
2025-07-21 20:03:44,470 - INFO - 🎯 攻击效果详细分析:
2025-07-21 20:03:44,470 - INFO - 攻击类型: single
2025-07-21 20:03:44,470 - INFO - 触发器模式: cross
2025-07-21 20:03:44,470 - INFO - 恶意客户端参与率: 10.00%
2025-07-21 20:03:44,470 - INFO - ⚠️ 攻击部分成功，存在一定的后门效果
2025-07-21 20:03:44,470 - INFO - ==================================================
2025-07-21 20:03:44,470 - INFO - 🔮 生成Transformer激活序列特征...
2025-07-21 20:03:44,472 - INFO - 开始从联邦学习服务器收集模型...
2025-07-21 20:08:17,404 - INFO - 激活序列生成完成，耗时: 4.5分钟
2025-07-21 20:08:17,405 - INFO - 🤖 训练Transformer异常检测器...
2025-07-21 20:08:17,810 - INFO - 🎯 开始自监督预训练...
2025-07-21 20:08:22,753 - INFO - 🛡️ 训练异常检测器...
2025-07-21 20:08:23,147 - INFO - 检测器训练完成，耗时: 0.1分钟
2025-07-21 20:08:23,148 - INFO - 📊 最终检测性能评估...
2025-07-21 20:08:23,182 - INFO - 💾 保存Transformer检测器...
2025-07-21 20:08:23,314 - INFO - ================================================================================
2025-07-21 20:08:23,314 - INFO - 📊 实验结果总结:
2025-07-21 20:08:23,315 - INFO - ================================================================================
2025-07-21 20:08:23,315 - INFO - 🎯 性能指标:
2025-07-21 20:08:23,315 - INFO -   检测准确率: 0.4667
2025-07-21 20:08:23,315 - INFO -   检测精确率: 0.4828
2025-07-21 20:08:23,315 - INFO -   检测召回率: 0.9333
2025-07-21 20:08:23,315 - INFO -   检测F1分数: 0.6364
2025-07-21 20:08:23,315 - INFO -   检测AUC: 0.0000
2025-07-21 20:08:23,315 - INFO -   异常阈值: 0.4971
2025-07-21 20:08:23,315 - INFO -   清洁准确率: 0.0889
2025-07-21 20:08:23,315 - INFO -   攻击成功率: 0.1690
2025-07-21 20:08:23,315 - INFO - 🎭 攻击分析:
2025-07-21 20:08:23,315 - INFO -   攻击类型: single
2025-07-21 20:08:23,315 - INFO -   攻击状态: 部分成功
2025-07-21 20:08:23,315 - INFO -   触发器效果: 一般
2025-07-21 20:08:23,315 - INFO - 🛡️ 检测分析:
2025-07-21 20:08:23,315 - INFO -   检测效果: 一般
2025-07-21 20:08:23,316 - INFO -   误报率: 0.517
2025-07-21 20:08:23,316 - INFO -   漏报率: 0.067
2025-07-21 20:08:23,316 - INFO -   检测可靠性: 低
2025-07-21 20:08:23,316 - INFO - 🚀 技术创新:
2025-07-21 20:08:23,316 - INFO -   架构: Transformer序列建模
2025-07-21 20:08:23,316 - INFO -   特征: 多层激活序列 (4层)
2025-07-21 20:08:23,316 - INFO -   学习: 半监督异常检测
2025-07-21 20:08:23,316 - INFO -   可解释性: 启用注意力分析
2025-07-21 20:08:23,316 - INFO - ⏱️ 时间统计:
2025-07-21 20:08:23,316 - INFO -   联邦训练: 144.3分钟
2025-07-21 20:08:23,316 - INFO -   特征生成: 4.5分钟
2025-07-21 20:08:23,316 - INFO -   检测训练: 0.1分钟
2025-07-21 20:08:23,316 - INFO -   总耗时: 148.9分钟
2025-07-21 20:08:23,316 - INFO - ================================================================================
2025-07-21 20:08:23,316 - INFO - 🎉 实验完成！
2025-07-21 20:08:23,316 - INFO - ================================================================================
2025-07-21 20:08:23,317 - INFO - 📁 结果已保存到: ./results/
