2025-07-16 16:03:05,650 - INFO - ================================================================================
2025-07-16 16:03:05,651 - INFO - 🎯 联邦学习后门攻击检测实验开始 (Transformer版本)
2025-07-16 16:03:05,651 - INFO - ================================================================================
2025-07-16 16:03:05,651 - INFO - 设备: cuda
2025-07-16 16:03:05,721 - INFO - GPU: NVIDIA GeForce RTX 3080
2025-07-16 16:03:05,722 - INFO - GPU内存: 9 GB
2025-07-16 16:03:05,722 - INFO - 📊 加载CIFAR-10数据集...
2025-07-16 16:03:10,356 - INFO - 联邦数据分割完成: 20个客户端
2025-07-16 16:03:10,357 - INFO - 数据分布: IID
2025-07-16 16:03:10,359 - INFO - 🎭 初始化single攻击器...
2025-07-16 16:03:10,359 - INFO - 攻击参数:
2025-07-16 16:03:10,359 - INFO -   - 触发器类型: cross
2025-07-16 16:03:10,359 - INFO -   - 触发器大小: 3x3
2025-07-16 16:03:10,359 - INFO -   - 触发器位置: top_left
2025-07-16 16:03:10,359 - INFO -   - 投毒率: 0.5
2025-07-16 16:03:10,359 - INFO -   - 目标标签: 1
2025-07-16 16:03:10,359 - INFO -   - 缩放因子: 2.0
2025-07-16 16:03:10,359 - INFO - 🔗 开始联邦学习训练...
2025-07-16 16:30:24,223 - INFO - 📈 攻击统计: {'attack_type': 'single', 'malicious_clients': [5, 13], 'total_rounds': 30, 'malicious_participation': 0.1}
2025-07-16 16:30:24,223 - INFO - ⏱️ 训练耗时: 27.2分钟
2025-07-16 16:30:24,223 - INFO - 联邦学习训练完成
2025-07-16 16:30:24,223 - INFO - 🔍 评估全局模型性能...
2025-07-16 16:30:29,310 - INFO - 全局模型性能: 清洁准确率=0.8075, 攻击成功率=0.2858
2025-07-16 16:30:29,311 - INFO - ==================================================
2025-07-16 16:30:29,311 - INFO - 🎯 攻击效果详细分析:
2025-07-16 16:30:29,311 - INFO - 攻击类型: single
2025-07-16 16:30:29,311 - INFO - 触发器模式: cross
2025-07-16 16:30:29,311 - INFO - 恶意客户端参与率: 10.00%
2025-07-16 16:30:29,311 - INFO - ⚠️ 攻击部分成功，存在一定的后门效果
2025-07-16 16:30:29,311 - INFO - ==================================================
2025-07-16 16:30:29,311 - INFO - 🔮 生成Transformer激活序列特征...
2025-07-16 16:30:29,313 - INFO - 开始从联邦学习服务器收集模型...
2025-07-16 16:32:15,420 - INFO - 激活序列生成完成，耗时: 1.8分钟
2025-07-16 16:32:15,421 - INFO - 🤖 训练Transformer异常检测器...
2025-07-16 16:32:15,828 - INFO - 🎯 开始自监督预训练...
2025-07-16 16:32:20,710 - INFO - 🛡️ 训练异常检测器...
2025-07-16 16:32:21,091 - INFO - 检测器训练完成，耗时: 0.1分钟
2025-07-16 16:32:21,091 - INFO - 📊 最终检测性能评估...
2025-07-16 16:32:21,113 - INFO - 💾 保存Transformer检测器...
2025-07-16 16:32:21,186 - INFO - ================================================================================
2025-07-16 16:32:21,187 - INFO - 📊 实验结果总结:
2025-07-16 16:32:21,187 - INFO - ================================================================================
2025-07-16 16:32:21,187 - INFO - 🎯 性能指标:
2025-07-16 16:32:21,187 - INFO -   检测准确率: 0.3400
2025-07-16 16:32:21,187 - INFO -   检测精确率: 0.3617
2025-07-16 16:32:21,187 - INFO -   检测召回率: 0.8500
2025-07-16 16:32:21,187 - INFO -   检测F1分数: 0.5075
2025-07-16 16:32:21,187 - INFO -   检测AUC: 0.0000
2025-07-16 16:32:21,187 - INFO -   异常阈值: 0.4841
2025-07-16 16:32:21,187 - INFO -   清洁准确率: 0.8075
2025-07-16 16:32:21,188 - INFO -   攻击成功率: 0.2858
2025-07-16 16:32:21,188 - INFO - 🎭 攻击分析:
2025-07-16 16:32:21,188 - INFO -   攻击类型: single
2025-07-16 16:32:21,188 - INFO -   攻击状态: 部分成功
2025-07-16 16:32:21,188 - INFO -   触发器效果: 一般
2025-07-16 16:32:21,188 - INFO - 🛡️ 检测分析:
2025-07-16 16:32:21,188 - INFO -   检测效果: 一般
2025-07-16 16:32:21,188 - INFO -   误报率: 0.638
2025-07-16 16:32:21,188 - INFO -   漏报率: 0.150
2025-07-16 16:32:21,188 - INFO -   检测可靠性: 低
2025-07-16 16:32:21,188 - INFO - 🚀 技术创新:
2025-07-16 16:32:21,188 - INFO -   架构: Transformer序列建模
2025-07-16 16:32:21,188 - INFO -   特征: 多层激活序列 (4层)
2025-07-16 16:32:21,188 - INFO -   学习: 半监督异常检测
2025-07-16 16:32:21,188 - INFO -   可解释性: 启用注意力分析
2025-07-16 16:32:21,189 - INFO - ⏱️ 时间统计:
2025-07-16 16:32:21,189 - INFO -   联邦训练: 27.2分钟
2025-07-16 16:32:21,189 - INFO -   特征生成: 1.8分钟
2025-07-16 16:32:21,189 - INFO -   检测训练: 0.1分钟
2025-07-16 16:32:21,189 - INFO -   总耗时: 29.0分钟
2025-07-16 16:32:21,189 - INFO - ================================================================================
2025-07-16 16:32:21,189 - INFO - 🎉 实验完成！
2025-07-16 16:32:21,189 - INFO - ================================================================================
2025-07-16 16:32:21,190 - INFO - 📁 结果已保存到: ./results/
