2025-07-10 18:38:32,509 - INFO - ============================================================
2025-07-10 18:38:32,510 - INFO - 联邦学习后门攻击检测实验开始
2025-07-10 18:38:32,510 - INFO - ============================================================
2025-07-10 18:38:32,510 - INFO - 设备: cuda
2025-07-10 18:38:32,525 - INFO - GPU: NVIDIA GeForce RTX 2080 Ti
2025-07-10 18:38:32,525 - INFO - 加载CIFAR-10数据集...
2025-07-10 18:38:33,387 - INFO - 联邦数据分割完成: 20个客户端
2025-07-10 18:38:33,387 - INFO - 后门攻击器创建完成: 目标标签=0
2025-07-10 18:38:33,387 - INFO - 开始联邦学习训练...
2025-07-10 19:19:54,312 - INFO - 联邦学习训练完成
2025-07-10 19:19:56,021 - INFO - 全局模型性能: 清洁准确率=0.8466, 攻击成功率=0.0132
2025-07-10 19:19:56,021 - INFO - 生成持久图...
2025-07-10 19:19:58,184 - INFO - 收集模型: 30个良性, 16个恶意
2025-07-10 19:19:58,184 - INFO - 开始生成良性模型的特征...
2025-07-10 19:20:02,892 - INFO - 开始生成恶意模型的特征...
2025-07-10 19:20:05,502 - INFO - 持久图生成完成
2025-07-10 19:20:05,502 - INFO - 训练持久图分类器...
2025-07-10 19:20:06,459 - INFO - ============================================================
2025-07-10 19:20:06,459 - INFO - 实验结果:
2025-07-10 19:20:06,459 - INFO - 检测准确率: 0.9643
2025-07-10 19:20:06,459 - INFO - 检测召回率: 0.9643
2025-07-10 19:20:06,459 - INFO - 检测F1分数: 0.9638
2025-07-10 19:20:06,459 - INFO - 清洁准确率: 0.8466
2025-07-10 19:20:06,459 - INFO - 攻击成功率: 0.0132
2025-07-10 19:20:06,459 - INFO - ============================================================
2025-07-10 19:20:06,470 - INFO - 实验完成！结果已保存。
