2025-07-21 09:35:57,147 - INFO - ================================================================================
2025-07-21 09:35:57,147 - INFO - 🎯 联邦学习后门攻击检测实验开始 (Transformer版本)
2025-07-21 09:35:57,147 - INFO - ================================================================================
2025-07-21 09:35:57,147 - INFO - 设备: cuda
2025-07-21 09:35:57,216 - INFO - GPU: NVIDIA GeForce RTX 3080
2025-07-21 09:35:57,217 - INFO - GPU内存: 9 GB
2025-07-21 09:35:57,217 - INFO - 📊 加载CIFAR-10数据集...
2025-07-21 09:36:04,657 - INFO - 联邦数据分割完成: 20个客户端
2025-07-21 09:36:04,657 - INFO - 数据分布: IID
2025-07-21 09:36:04,667 - INFO - 🎭 初始化single攻击器...
2025-07-21 09:36:04,667 - INFO - 攻击参数:
2025-07-21 09:36:04,667 - INFO -   - 触发器类型: cross
2025-07-21 09:36:04,667 - INFO -   - 触发器大小: 3x3
2025-07-21 09:36:04,667 - INFO -   - 触发器位置: top_left
2025-07-21 09:36:04,667 - INFO -   - 投毒率: 1.0
2025-07-21 09:36:04,667 - INFO -   - 目标标签: 1
2025-07-21 09:36:04,667 - INFO -   - 缩放因子: 2.0
2025-07-21 09:36:04,667 - INFO - 🔗 开始联邦学习训练...
2025-07-21 16:18:44,897 - INFO - 📈 攻击统计: {'attack_type': 'single', 'malicious_clients': [5, 7, 12, 13], 'total_rounds': 30, 'malicious_participation': 0.2}
2025-07-21 16:18:44,897 - INFO - ⏱️ 训练耗时: 402.5分钟
2025-07-21 16:18:44,897 - INFO - 联邦学习训练完成
2025-07-21 16:18:44,897 - INFO - 🔍 评估全局模型性能...
2025-07-21 16:18:50,339 - INFO - 全局模型性能: 清洁准确率=0.1343, 攻击成功率=0.2027
2025-07-21 16:18:50,339 - INFO - ==================================================
2025-07-21 16:18:50,339 - INFO - 🎯 攻击效果详细分析:
2025-07-21 16:18:50,339 - INFO - 攻击类型: single
2025-07-21 16:18:50,339 - INFO - 触发器模式: cross
2025-07-21 16:18:50,339 - INFO - 恶意客户端参与率: 20.00%
2025-07-21 16:18:50,339 - INFO - ⚠️ 攻击部分成功，存在一定的后门效果
2025-07-21 16:18:50,339 - INFO - ==================================================
2025-07-21 16:18:50,340 - INFO - 🔮 生成Transformer激活序列特征...
2025-07-21 16:18:50,366 - INFO - 开始从联邦学习服务器收集模型...
2025-07-21 16:21:42,791 - INFO - 激活序列生成完成，耗时: 2.9分钟
2025-07-21 16:21:42,791 - INFO - 🤖 训练Transformer异常检测器...
2025-07-21 16:21:43,043 - INFO - 🎯 开始自监督预训练...
2025-07-21 16:21:49,842 - INFO - 🛡️ 训练异常检测器...
2025-07-21 16:21:50,342 - INFO - 检测器训练完成，耗时: 0.1分钟
2025-07-21 16:21:50,343 - INFO - 📊 最终检测性能评估...
2025-07-21 16:21:50,422 - INFO - 💾 保存Transformer检测器...
2025-07-21 16:21:50,569 - INFO - ================================================================================
2025-07-21 16:21:50,569 - INFO - 📊 实验结果总结:
2025-07-21 16:21:50,569 - INFO - ================================================================================
2025-07-21 16:21:50,569 - INFO - 🎯 性能指标:
2025-07-21 16:21:50,569 - INFO -   检测准确率: 1.0000
2025-07-21 16:21:50,569 - INFO -   检测精确率: 1.0000
2025-07-21 16:21:50,569 - INFO -   检测召回率: 1.0000
2025-07-21 16:21:50,569 - INFO -   检测F1分数: 1.0000
2025-07-21 16:21:50,569 - INFO -   检测AUC: 1.0000
2025-07-21 16:21:50,569 - INFO -   异常阈值: 0.4941
2025-07-21 16:21:50,569 - INFO -   清洁准确率: 0.1343
2025-07-21 16:21:50,570 - INFO -   攻击成功率: 0.2027
2025-07-21 16:21:50,570 - INFO - 🎭 攻击分析:
2025-07-21 16:21:50,570 - INFO -   攻击类型: single
2025-07-21 16:21:50,570 - INFO -   攻击状态: 部分成功
2025-07-21 16:21:50,570 - INFO -   触发器效果: 一般
2025-07-21 16:21:50,570 - INFO - 🛡️ 检测分析:
2025-07-21 16:21:50,570 - INFO -   检测效果: 优秀
2025-07-21 16:21:50,570 - INFO -   误报率: 0.000
2025-07-21 16:21:50,570 - INFO -   漏报率: 0.000
2025-07-21 16:21:50,570 - INFO -   检测可靠性: 高
2025-07-21 16:21:50,570 - INFO - 🚀 技术创新:
2025-07-21 16:21:50,570 - INFO -   架构: Transformer序列建模
2025-07-21 16:21:50,570 - INFO -   特征: 多层激活序列 (4层)
2025-07-21 16:21:50,570 - INFO -   学习: 半监督异常检测
2025-07-21 16:21:50,570 - INFO -   可解释性: 启用注意力分析
2025-07-21 16:21:50,571 - INFO - ⏱️ 时间统计:
2025-07-21 16:21:50,571 - INFO -   联邦训练: 402.5分钟
2025-07-21 16:21:50,571 - INFO -   特征生成: 2.9分钟
2025-07-21 16:21:50,571 - INFO -   检测训练: 0.1分钟
2025-07-21 16:21:50,571 - INFO -   总耗时: 405.5分钟
2025-07-21 16:21:50,571 - INFO - ================================================================================
2025-07-21 16:21:50,571 - INFO - 🎉 实验完成！
2025-07-21 16:21:50,571 - INFO - ================================================================================
2025-07-21 16:21:50,572 - INFO - 📁 结果已保存到: ./results/
