2025-07-11 14:05:32,506 - INFO - ================================================================================
2025-07-11 14:05:32,506 - INFO - 🎯 联邦学习后门攻击检测实验开始
2025-07-11 14:05:32,506 - INFO - ================================================================================
2025-07-11 14:05:32,506 - INFO - 设备: cuda
2025-07-11 14:05:32,519 - INFO - GPU: NVIDIA GeForce RTX 2080 Ti
2025-07-11 14:05:32,519 - INFO - GPU内存: 10 GB
2025-07-11 14:05:32,519 - INFO - 📊 加载CIFAR-10数据集...
2025-07-11 14:05:33,917 - INFO - 联邦数据分割完成: 20个客户端
2025-07-11 14:05:33,917 - INFO - 数据分布: Non-IID
2025-07-11 14:05:33,918 - INFO - 🎭 初始化single攻击器...
2025-07-11 14:05:33,918 - INFO - 攻击参数:
2025-07-11 14:05:33,918 - INFO -   - 触发器类型: cross
2025-07-11 14:05:33,918 - INFO -   - 触发器大小: 5x5
2025-07-11 14:05:33,918 - INFO -   - 触发器位置: top_left
2025-07-11 14:05:33,918 - INFO -   - 投毒率: 0.1
2025-07-11 14:05:33,918 - INFO -   - 目标标签: 8
2025-07-11 14:05:33,918 - INFO -   - 缩放因子: 8.0
2025-07-11 14:05:33,918 - INFO - 🔗 开始联邦学习训练...
2025-07-11 14:46:16,492 - INFO - 📈 攻击统计: {'attack_type': 'single', 'malicious_clients': [2, 16, 18], 'total_rounds': 50, 'malicious_participation': 0.15}
2025-07-11 14:46:16,492 - INFO - ⏱️ 训练耗时: 40.7分钟
2025-07-11 14:46:16,492 - INFO - 联邦学习训练完成
2025-07-11 14:46:16,492 - INFO - 🔍 评估全局模型性能...
2025-07-11 14:46:18,211 - INFO - 全局模型性能: 清洁准确率=0.1000, 攻击成功率=0.0000
2025-07-11 14:46:18,211 - INFO - ==================================================
2025-07-11 14:46:18,211 - INFO - 🎯 攻击效果详细分析:
2025-07-11 14:46:18,211 - INFO - 攻击类型: single
2025-07-11 14:46:18,211 - INFO - 触发器模式: cross
2025-07-11 14:46:18,211 - INFO - 恶意客户端参与率: 15.00%
2025-07-11 14:46:18,211 - INFO - ✅ 攻击基本失败，模型相对安全
2025-07-11 14:46:18,211 - INFO - ==================================================
2025-07-11 14:46:18,211 - INFO - 🔮 生成持久图特征...
2025-07-11 14:46:20,355 - INFO - 收集模型: 30个良性, 30个恶意
2025-07-11 14:46:20,601 - INFO - 开始生成良性模型的特征...
2025-07-11 14:46:25,345 - INFO - 开始生成恶意模型的特征...
2025-07-11 14:46:30,138 - INFO - 持久图生成完成，耗时: 0.2分钟
2025-07-11 14:46:30,138 - INFO - 🛡️ 训练持久图分类器...
2025-07-11 14:46:31,762 - INFO - 检测器训练完成，耗时: 0.0分钟
2025-07-11 14:46:31,762 - INFO - ================================================================================
2025-07-11 14:46:31,762 - INFO - 📊 实验结果总结:
2025-07-11 14:46:31,762 - INFO - ================================================================================
2025-07-11 14:46:31,762 - INFO - 🎯 性能指标:
2025-07-11 14:46:31,762 - INFO -   检测准确率: 1.0000
2025-07-11 14:46:31,762 - INFO -   检测召回率: 1.0000
2025-07-11 14:46:31,762 - INFO -   检测F1分数: 1.0000
2025-07-11 14:46:31,762 - INFO -   清洁准确率: 0.1000
2025-07-11 14:46:31,762 - INFO -   攻击成功率: 0.0000
2025-07-11 14:46:31,762 - INFO - 🎭 攻击分析:
2025-07-11 14:46:31,762 - INFO -   攻击类型: single
2025-07-11 14:46:31,762 - INFO -   攻击状态: 失败
2025-07-11 14:46:31,762 - INFO -   触发器效果: 无效
2025-07-11 14:46:31,762 - INFO - 🛡️ 检测分析:
2025-07-11 14:46:31,762 - INFO -   检测效果: 优秀
2025-07-11 14:46:31,762 - INFO -   误报率: 0.000
2025-07-11 14:46:31,762 - INFO -   检测可靠性: 高
2025-07-11 14:46:31,762 - INFO - ⏱️ 时间统计:
2025-07-11 14:46:31,762 - INFO -   联邦训练: 40.7分钟
2025-07-11 14:46:31,762 - INFO -   特征生成: 0.2分钟
2025-07-11 14:46:31,762 - INFO -   检测训练: 0.0分钟
2025-07-11 14:46:31,762 - INFO -   总耗时: 40.9分钟
2025-07-11 14:46:31,763 - INFO - 💾 保存实验结果...
2025-07-11 14:46:31,783 - INFO - 实验结果已保存到: ./results/models/final_models.pth
2025-07-11 14:46:31,783 - INFO - 实验完成！
